-- data ------------------------------------------------------
path: /Users/jguida941/Dev/GitHubProject/AdaptiveHashMapCli/.coverage
has_arcs: True
61 files:
/Users/jguida941/Dev/GitHubProject/AdaptiveHashMapCli/src/adhash/__init__.py: 3 lines
/Users/jguida941/Dev/GitHubProject/AdaptiveHashMapCli/src/adhash/_safe_subprocess.py: 90 lines
/Users/jguida941/Dev/GitHubProject/AdaptiveHashMapCli/src/adhash/analysis/__init__.py: 3 lines
/Users/jguida941/Dev/GitHubProject/AdaptiveHashMapCli/src/adhash/analysis/probe.py: 246 lines
/Users/jguida941/Dev/GitHubProject/AdaptiveHashMapCli/src/adhash/batch/__init__.py: 5 lines
/Users/jguida941/Dev/GitHubProject/AdaptiveHashMapCli/src/adhash/batch/__main__.py: 0 lines
/Users/jguida941/Dev/GitHubProject/AdaptiveHashMapCli/src/adhash/batch/runner.py: 358 lines
/Users/jguida941/Dev/GitHubProject/AdaptiveHashMapCli/src/adhash/cli/__init__.py: 12 lines
/Users/jguida941/Dev/GitHubProject/AdaptiveHashMapCli/src/adhash/cli/app.py: 942 lines
/Users/jguida941/Dev/GitHubProject/AdaptiveHashMapCli/src/adhash/cli/commands/__init__.py: 32 lines
/Users/jguida941/Dev/GitHubProject/AdaptiveHashMapCli/src/adhash/cli/commands/base.py: 822 lines
/Users/jguida941/Dev/GitHubProject/AdaptiveHashMapCli/src/adhash/config.py: 130 lines
/Users/jguida941/Dev/GitHubProject/AdaptiveHashMapCli/src/adhash/config_models.py: 73 lines
/Users/jguida941/Dev/GitHubProject/AdaptiveHashMapCli/src/adhash/config_toolkit.py: 281 lines
/Users/jguida941/Dev/GitHubProject/AdaptiveHashMapCli/src/adhash/contracts/__init__.py: 3 lines
/Users/jguida941/Dev/GitHubProject/AdaptiveHashMapCli/src/adhash/contracts/error.py: 65 lines
/Users/jguida941/Dev/GitHubProject/AdaptiveHashMapCli/src/adhash/core/__init__.py: 3 lines
/Users/jguida941/Dev/GitHubProject/AdaptiveHashMapCli/src/adhash/core/latency.py: 78 lines
/Users/jguida941/Dev/GitHubProject/AdaptiveHashMapCli/src/adhash/core/maps.py: 468 lines
/Users/jguida941/Dev/GitHubProject/AdaptiveHashMapCli/src/adhash/hashmap_cli.py: 30 lines
/Users/jguida941/Dev/GitHubProject/AdaptiveHashMapCli/src/adhash/io/__init__.py: 4 lines
/Users/jguida941/Dev/GitHubProject/AdaptiveHashMapCli/src/adhash/io/safe_pickle.py: 26 lines
/Users/jguida941/Dev/GitHubProject/AdaptiveHashMapCli/src/adhash/io/snapshot.py: 62 lines
/Users/jguida941/Dev/GitHubProject/AdaptiveHashMapCli/src/adhash/io/snapshot_header.py: 97 lines
/Users/jguida941/Dev/GitHubProject/AdaptiveHashMapCli/src/adhash/metrics/__init__.py: 6 lines
/Users/jguida941/Dev/GitHubProject/AdaptiveHashMapCli/src/adhash/metrics/constants.py: 22 lines
/Users/jguida941/Dev/GitHubProject/AdaptiveHashMapCli/src/adhash/metrics/core.py: 393 lines
/Users/jguida941/Dev/GitHubProject/AdaptiveHashMapCli/src/adhash/metrics/server.py: 190 lines
/Users/jguida941/Dev/GitHubProject/AdaptiveHashMapCli/src/adhash/metrics/static/__init__.py: 1 line
/Users/jguida941/Dev/GitHubProject/AdaptiveHashMapCli/src/adhash/mission_control/__init__.py: 12 lines
/Users/jguida941/Dev/GitHubProject/AdaptiveHashMapCli/src/adhash/mission_control/__main__.py: 0 lines
/Users/jguida941/Dev/GitHubProject/AdaptiveHashMapCli/src/adhash/mission_control/app.py: 62 lines
/Users/jguida941/Dev/GitHubProject/AdaptiveHashMapCli/src/adhash/mission_control/builders.py: 90 lines
/Users/jguida941/Dev/GitHubProject/AdaptiveHashMapCli/src/adhash/mission_control/controller.py: 71 lines
/Users/jguida941/Dev/GitHubProject/AdaptiveHashMapCli/src/adhash/mission_control/layout.py: 28 lines
/Users/jguida941/Dev/GitHubProject/AdaptiveHashMapCli/src/adhash/mission_control/metrics_client.py: 34 lines
/Users/jguida941/Dev/GitHubProject/AdaptiveHashMapCli/src/adhash/mission_control/process_manager.py: 122 lines
/Users/jguida941/Dev/GitHubProject/AdaptiveHashMapCli/src/adhash/mission_control/widgets/__init__.py: 12 lines
/Users/jguida941/Dev/GitHubProject/AdaptiveHashMapCli/src/adhash/mission_control/widgets/benchmark_suite.py: 448 lines
/Users/jguida941/Dev/GitHubProject/AdaptiveHashMapCli/src/adhash/mission_control/widgets/common.py: 79 lines
/Users/jguida941/Dev/GitHubProject/AdaptiveHashMapCli/src/adhash/mission_control/widgets/config_editor.py: 231 lines
/Users/jguida941/Dev/GitHubProject/AdaptiveHashMapCli/src/adhash/mission_control/widgets/connection.py: 44 lines
/Users/jguida941/Dev/GitHubProject/AdaptiveHashMapCli/src/adhash/mission_control/widgets/metrics.py: 408 lines
/Users/jguida941/Dev/GitHubProject/AdaptiveHashMapCli/src/adhash/mission_control/widgets/probe_visualizer.py: 76 lines
/Users/jguida941/Dev/GitHubProject/AdaptiveHashMapCli/src/adhash/mission_control/widgets/run_control.py: 265 lines
/Users/jguida941/Dev/GitHubProject/AdaptiveHashMapCli/src/adhash/mission_control/widgets/snapshot_inspector.py: 170 lines
/Users/jguida941/Dev/GitHubProject/AdaptiveHashMapCli/src/adhash/mission_control/widgets/workload_dna.py: 250 lines
/Users/jguida941/Dev/GitHubProject/AdaptiveHashMapCli/src/adhash/service/__init__.py: 5 lines
/Users/jguida941/Dev/GitHubProject/AdaptiveHashMapCli/src/adhash/service/__main__.py: 49 lines
/Users/jguida941/Dev/GitHubProject/AdaptiveHashMapCli/src/adhash/service/api.py: 147 lines
/Users/jguida941/Dev/GitHubProject/AdaptiveHashMapCli/src/adhash/service/jobs.py: 410 lines
/Users/jguida941/Dev/GitHubProject/AdaptiveHashMapCli/src/adhash/service/models.py: 119 lines
/Users/jguida941/Dev/GitHubProject/AdaptiveHashMapCli/src/adhash/service/worker.py: 27 lines
/Users/jguida941/Dev/GitHubProject/AdaptiveHashMapCli/src/adhash/tui/__init__.py: 3 lines
/Users/jguida941/Dev/GitHubProject/AdaptiveHashMapCli/src/adhash/tui/__main__.py: 0 lines
/Users/jguida941/Dev/GitHubProject/AdaptiveHashMapCli/src/adhash/tui/app.py: 376 lines
/Users/jguida941/Dev/GitHubProject/AdaptiveHashMapCli/src/adhash/workloads/__init__.py: 4 lines
/Users/jguida941/Dev/GitHubProject/AdaptiveHashMapCli/src/adhash/workloads/dna.py: 353 lines
/Users/jguida941/Dev/GitHubProject/AdaptiveHashMapCli/src/hashmap_cli/__init__.py: 37 lines
/Users/jguida941/Dev/GitHubProject/AdaptiveHashMapCli/src/hashmap_cli/__main__.py: 0 lines
/Users/jguida941/Dev/GitHubProject/AdaptiveHashMapCli/src/hashmap_cli/validate_metrics_ndjson.py: 0 lines
